2026-06-16 16:04:31,433 | DEBUG | Falling back to TensorFlow client; we recommended you install the Cloud TPU client directly with pip install cloud-tpu-client.
2026-06-16 16:04:34,115 | DEBUG | Creating converter from 7 to 5
2026-06-16 16:04:34,115 | DEBUG | Creating converter from 5 to 7
2026-06-16 16:04:34,115 | DEBUG | Creating converter from 7 to 5
2026-06-16 16:04:34,115 | DEBUG | Creating converter from 5 to 7
2026-06-16 16:04:41,143 | WARNING | From C:\Users\abhat\AppData\Local\Programs\Python\Python312\Lib\site-packages\tf_keras\src\losses.py:2976: The name tf.losses.sparse_softmax_cross_entropy is deprecated. Please use tf.compat.v1.losses.sparse_softmax_cross_entropy instead.

2026-06-16 16:09:07,922 | DEBUG | Falling back to TensorFlow client; we recommended you install the Cloud TPU client directly with pip install cloud-tpu-client.
2026-06-16 16:09:09,551 | DEBUG | Creating converter from 7 to 5
2026-06-16 16:09:09,556 | DEBUG | Creating converter from 5 to 7
2026-06-16 16:09:09,556 | DEBUG | Creating converter from 7 to 5
2026-06-16 16:09:09,556 | DEBUG | Creating converter from 5 to 7
2026-06-16 16:09:14,112 | WARNING | From C:\Users\abhat\AppData\Local\Programs\Python\Python312\Lib\site-packages\tf_keras\src\losses.py:2976: The name tf.losses.sparse_softmax_cross_entropy is deprecated. Please use tf.compat.v1.losses.sparse_softmax_cross_entropy instead.

2026-06-16 16:11:29,590 | DEBUG | Falling back to TensorFlow client; we recommended you install the Cloud TPU client directly with pip install cloud-tpu-client.
2026-06-16 16:11:30,792 | DEBUG | Creating converter from 7 to 5
2026-06-16 16:11:30,792 | DEBUG | Creating converter from 5 to 7
2026-06-16 16:11:30,792 | DEBUG | Creating converter from 7 to 5
2026-06-16 16:11:30,792 | DEBUG | Creating converter from 5 to 7
2026-06-16 16:11:35,350 | WARNING | From C:\Users\abhat\AppData\Local\Programs\Python\Python312\Lib\site-packages\tf_keras\src\losses.py:2976: The name tf.losses.sparse_softmax_cross_entropy is deprecated. Please use tf.compat.v1.losses.sparse_softmax_cross_entropy instead.

2026-06-16 16:13:32,504 | DEBUG | Falling back to TensorFlow client; we recommended you install the Cloud TPU client directly with pip install cloud-tpu-client.
2026-06-16 16:13:33,808 | DEBUG | Creating converter from 7 to 5
2026-06-16 16:13:33,808 | DEBUG | Creating converter from 5 to 7
2026-06-16 16:13:33,808 | DEBUG | Creating converter from 7 to 5
2026-06-16 16:13:33,808 | DEBUG | Creating converter from 5 to 7
2026-06-16 16:13:38,317 | WARNING | From C:\Users\abhat\AppData\Local\Programs\Python\Python312\Lib\site-packages\tf_keras\src\losses.py:2976: The name tf.losses.sparse_softmax_cross_entropy is deprecated. Please use tf.compat.v1.losses.sparse_softmax_cross_entropy instead.

2026-06-16 16:14:15,962 | DEBUG | Creating converter from 3 to 5
2026-06-16 16:14:18,678 | DEBUG | Predicted Age: 28
2026-06-16 16:14:18,678 | INFO | {
    "threshold": 21,
    "predicted_age": 28,
    "is_above_threshold": true,
    "confidence": 0.65,
    "decision": "PASS"
}
2026-06-16 16:14:18,797 | DEBUG | False
2026-06-16 16:14:18,922 | DEBUG | Faces found: 1
2026-06-16 16:14:19,594 | DEBUG | Predicted Age: 31
2026-06-16 16:15:43,856 | DEBUG | Falling back to TensorFlow client; we recommended you install the Cloud TPU client directly with pip install cloud-tpu-client.
2026-06-16 16:15:44,799 | DEBUG | Creating converter from 7 to 5
2026-06-16 16:15:44,799 | DEBUG | Creating converter from 5 to 7
2026-06-16 16:15:44,799 | DEBUG | Creating converter from 7 to 5
2026-06-16 16:15:44,799 | DEBUG | Creating converter from 5 to 7
2026-06-16 16:15:48,007 | WARNING | From C:\Users\abhat\AppData\Local\Programs\Python\Python312\Lib\site-packages\tf_keras\src\losses.py:2976: The name tf.losses.sparse_softmax_cross_entropy is deprecated. Please use tf.compat.v1.losses.sparse_softmax_cross_entropy instead.

